<?xml version="1.0" encoding="utf-8"?>
<coverage line-rate="0.9704999999999999" branch-rate="1" version="1.9" timestamp="1761560650" lines-covered="66" lines-valid="68" branches-covered="16" branches-valid="16">
  <sources>
    <source>C:\Projects\poc\smartnotes\backend\SmartNotes.Domain\</source>
  </sources>
  <packages>
    <package name="SmartNotes.Domain" line-rate="0.9704999999999999" branch-rate="1" complexity="37">
      <classes>
        <class name="SmartNotes.Domain.ValueObjects.Tag" filename="ValueObjects\Tag.cs" line-rate="0.9166" branch-rate="1" complexity="8">
          <methods>
            <method name="get_Value" signature="()" line-rate="1" branch-rate="1" complexity="1">
              <lines>
                <line number="7" hits="6" branch="False" />
              </lines>
            </method>
            <method name="op_Implicit" signature="(SmartNotes.Domain.ValueObjects.Tag)" line-rate="1" branch-rate="1" complexity="1">
              <lines>
                <line number="18" hits="1" branch="False" />
              </lines>
            </method>
            <method name="op_Explicit" signature="(System.String)" line-rate="1" branch-rate="1" complexity="1">
              <lines>
                <line number="19" hits="3" branch="False" />
              </lines>
            </method>
            <method name=".ctor" signature="(System.String)" line-rate="1" branch-rate="1" complexity="4">
              <lines>
                <line number="9" hits="20" branch="False" />
                <line number="10" hits="20" branch="False" />
                <line number="11" hits="20" branch="True" condition-coverage="100% (2/2)">
                  <conditions>
                    <condition number="16" type="jump" coverage="100%" />
                  </conditions>
                </line>
                <line number="12" hits="5" branch="False" />
                <line number="13" hits="15" branch="True" condition-coverage="100% (2/2)">
                  <conditions>
                    <condition number="46" type="jump" coverage="100%" />
                  </conditions>
                </line>
                <line number="14" hits="1" branch="False" />
                <line number="15" hits="14" branch="False" />
                <line number="16" hits="14" branch="False" />
              </lines>
            </method>
            <method name=".ctor" signature="(SmartNotes.Domain.ValueObjects.Tag)" line-rate="0" branch-rate="1" complexity="1">
              <lines>
                <line number="5" hits="0" branch="False" />
              </lines>
            </method>
          </methods>
          <lines>
            <line number="7" hits="6" branch="False" />
            <line number="18" hits="1" branch="False" />
            <line number="19" hits="3" branch="False" />
            <line number="9" hits="20" branch="False" />
            <line number="10" hits="20" branch="False" />
            <line number="11" hits="20" branch="True" condition-coverage="100% (2/2)">
              <conditions>
                <condition number="16" type="jump" coverage="100%" />
              </conditions>
            </line>
            <line number="12" hits="5" branch="False" />
            <line number="13" hits="15" branch="True" condition-coverage="100% (2/2)">
              <conditions>
                <condition number="46" type="jump" coverage="100%" />
              </conditions>
            </line>
            <line number="14" hits="1" branch="False" />
            <line number="15" hits="14" branch="False" />
            <line number="16" hits="14" branch="False" />
            <line number="5" hits="0" branch="False" />
          </lines>
        </class>
        <class name="SmartNotes.Domain.Events.NoteCreated" filename="Events\NoteCreated.cs" line-rate="1" branch-rate="1" complexity="4">
          <methods>
            <method name="get_NoteId" signature="()" line-rate="1" branch-rate="1" complexity="1">
              <lines>
                <line number="7" hits="1" branch="False" />
              </lines>
            </method>
            <method name="get_Title" signature="()" line-rate="1" branch-rate="1" complexity="1">
              <lines>
                <line number="8" hits="1" branch="False" />
              </lines>
            </method>
            <method name="get_OccurredOn" signature="()" line-rate="1" branch-rate="1" complexity="1">
              <lines>
                <line number="9" hits="1" branch="False" />
              </lines>
            </method>
            <method name=".ctor" signature="(System.Guid,System.String)" line-rate="1" branch-rate="1" complexity="1">
              <lines>
                <line number="11" hits="1" branch="False" />
                <line number="12" hits="1" branch="False" />
                <line number="13" hits="1" branch="False" />
                <line number="14" hits="1" branch="False" />
                <line number="15" hits="1" branch="False" />
                <line number="16" hits="1" branch="False" />
              </lines>
            </method>
          </methods>
          <lines>
            <line number="7" hits="1" branch="False" />
            <line number="8" hits="1" branch="False" />
            <line number="9" hits="1" branch="False" />
            <line number="11" hits="1" branch="False" />
            <line number="12" hits="1" branch="False" />
            <line number="13" hits="1" branch="False" />
            <line number="14" hits="1" branch="False" />
            <line number="15" hits="1" branch="False" />
            <line number="16" hits="1" branch="False" />
          </lines>
        </class>
        <class name="SmartNotes.Domain.Events.NoteUpdated" filename="Events\NoteUpdated.cs" line-rate="1" branch-rate="1" complexity="4">
          <methods>
            <method name="get_NoteId" signature="()" line-rate="1" branch-rate="1" complexity="1">
              <lines>
                <line number="7" hits="1" branch="False" />
              </lines>
            </method>
            <method name="get_Title" signature="()" line-rate="1" branch-rate="1" complexity="1">
              <lines>
                <line number="8" hits="1" branch="False" />
              </lines>
            </method>
            <method name="get_OccurredOn" signature="()" line-rate="1" branch-rate="1" complexity="1">
              <lines>
                <line number="9" hits="1" branch="False" />
              </lines>
            </method>
            <method name=".ctor" signature="(System.Guid,System.String)" line-rate="1" branch-rate="1" complexity="1">
              <lines>
                <line number="11" hits="1" branch="False" />
                <line number="12" hits="1" branch="False" />
                <line number="13" hits="1" branch="False" />
                <line number="14" hits="1" branch="False" />
                <line number="15" hits="1" branch="False" />
                <line number="16" hits="1" branch="False" />
              </lines>
            </method>
          </methods>
          <lines>
            <line number="7" hits="1" branch="False" />
            <line number="8" hits="1" branch="False" />
            <line number="9" hits="1" branch="False" />
            <line number="11" hits="1" branch="False" />
            <line number="12" hits="1" branch="False" />
            <line number="13" hits="1" branch="False" />
            <line number="14" hits="1" branch="False" />
            <line number="15" hits="1" branch="False" />
            <line number="16" hits="1" branch="False" />
          </lines>
        </class>
        <class name="SmartNotes.Domain.Entities.Note" filename="Entities\Note.cs" line-rate="0.9736" branch-rate="1" complexity="21">
          <methods>
            <method name="get_Id" signature="()" line-rate="1" branch-rate="1" complexity="1">
              <lines>
                <line number="10" hits="11" branch="False" />
              </lines>
            </method>
            <method name="get_Title" signature="()" line-rate="1" branch-rate="1" complexity="1">
              <lines>
                <line number="11" hits="12" branch="False" />
              </lines>
            </method>
            <method name="get_Content" signature="()" line-rate="1" branch-rate="1" complexity="1">
              <lines>
                <line number="12" hits="13" branch="False" />
              </lines>
            </method>
            <method name="get_Tags" signature="()" line-rate="1" branch-rate="1" complexity="1">
              <lines>
                <line number="13" hits="13" branch="False" />
              </lines>
            </method>
            <method name="get_CreatedAt" signature="()" line-rate="1" branch-rate="1" complexity="1">
              <lines>
                <line number="14" hits="9" branch="False" />
              </lines>
            </method>
            <method name="get_UpdatedAt" signature="()" line-rate="1" branch-rate="1" complexity="1">
              <lines>
                <line number="15" hits="10" branch="False" />
              </lines>
            </method>
            <method name="Update" signature="(System.String,System.String,System.Collections.Generic.IEnumerable`1&lt;SmartNotes.Domain.ValueObjects.Tag&gt;)" line-rate="1" branch-rate="1" complexity="1">
              <lines>
                <line number="30" hits="3" branch="False" />
                <line number="31" hits="3" branch="False" />
                <line number="32" hits="3" branch="False" />
                <line number="33" hits="3" branch="False" />
                <line number="34" hits="2" branch="False" />
                <line number="35" hits="2" branch="False" />
              </lines>
            </method>
            <method name="SetTitle" signature="(System.String)" line-rate="1" branch-rate="1" complexity="4">
              <lines>
                <line number="38" hits="13" branch="False" />
                <line number="39" hits="13" branch="True" condition-coverage="100% (2/2)">
                  <conditions>
                    <condition number="9" type="jump" coverage="100%" />
                  </conditions>
                </line>
                <line number="40" hits="2" branch="False" />
                <line number="41" hits="11" branch="True" condition-coverage="100% (2/2)">
                  <conditions>
                    <condition number="42" type="jump" coverage="100%" />
                  </conditions>
                </line>
                <line number="42" hits="1" branch="False" />
                <line number="43" hits="10" branch="False" />
                <line number="44" hits="10" branch="False" />
              </lines>
            </method>
            <method name="SetContent" signature="(System.String)" line-rate="1" branch-rate="1" complexity="2">
              <lines>
                <line number="47" hits="10" branch="False" />
                <line number="48" hits="10" branch="True" condition-coverage="100% (2/2)">
                  <conditions>
                    <condition number="4" type="jump" coverage="100%" />
                  </conditions>
                </line>
                <line number="49" hits="10" branch="False" />
              </lines>
            </method>
            <method name="SetTags" signature="(System.Collections.Generic.IEnumerable`1&lt;SmartNotes.Domain.ValueObjects.Tag&gt;)" line-rate="1" branch-rate="1" complexity="6">
              <lines>
                <line number="52" hits="10" branch="False" />
                <line number="53" hits="10" branch="True" condition-coverage="100% (4/4)">
                  <conditions>
                    <condition number="2" type="jump" coverage="100%" />
                    <condition number="14" type="jump" coverage="100%" />
                  </conditions>
                </line>
                <line number="54" hits="10" branch="True" condition-coverage="100% (2/2)">
                  <conditions>
                    <condition number="47" type="jump" coverage="100%" />
                  </conditions>
                </line>
                <line number="55" hits="2" branch="False" />
                <line number="56" hits="8" branch="False" />
                <line number="57" hits="8" branch="False" />
              </lines>
            </method>
            <method name=".ctor" signature="()" line-rate="0" branch-rate="1" complexity="1">
              <lines>
                <line number="17" hits="0" branch="False" />
              </lines>
            </method>
            <method name=".ctor" signature="(System.String,System.String,System.Collections.Generic.IEnumerable`1&lt;SmartNotes.Domain.ValueObjects.Tag&gt;)" line-rate="1" branch-rate="1" complexity="1">
              <lines>
                <line number="19" hits="10" branch="False" />
                <line number="20" hits="10" branch="False" />
                <line number="21" hits="10" branch="False" />
                <line number="22" hits="10" branch="False" />
                <line number="23" hits="7" branch="False" />
                <line number="24" hits="7" branch="False" />
                <line number="25" hits="6" branch="False" />
                <line number="26" hits="6" branch="False" />
                <line number="27" hits="6" branch="False" />
              </lines>
            </method>
          </methods>
          <lines>
            <line number="10" hits="11" branch="False" />
            <line number="11" hits="12" branch="False" />
            <line number="12" hits="13" branch="False" />
            <line number="13" hits="13" branch="False" />
            <line number="14" hits="9" branch="False" />
            <line number="15" hits="10" branch="False" />
            <line number="30" hits="3" branch="False" />
            <line number="31" hits="3" branch="False" />
            <line number="32" hits="3" branch="False" />
            <line number="33" hits="3" branch="False" />
            <line number="34" hits="2" branch="False" />
            <line number="35" hits="2" branch="False" />
            <line number="38" hits="13" branch="False" />
            <line number="39" hits="13" branch="True" condition-coverage="100% (2/2)">
              <conditions>
                <condition number="9" type="jump" coverage="100%" />
              </conditions>
            </line>
            <line number="40" hits="2" branch="False" />
            <line number="41" hits="11" branch="True" condition-coverage="100% (2/2)">
              <conditions>
                <condition number="42" type="jump" coverage="100%" />
              </conditions>
            </line>
            <line number="42" hits="1" branch="False" />
            <line number="43" hits="10" branch="False" />
            <line number="44" hits="10" branch="False" />
            <line number="47" hits="10" branch="False" />
            <line number="48" hits="10" branch="True" condition-coverage="100% (2/2)">
              <conditions>
                <condition number="4" type="jump" coverage="100%" />
              </conditions>
            </line>
            <line number="49" hits="10" branch="False" />
            <line number="52" hits="10" branch="False" />
            <line number="53" hits="10" branch="True" condition-coverage="100% (4/4)">
              <conditions>
                <condition number="2" type="jump" coverage="100%" />
                <condition number="14" type="jump" coverage="100%" />
              </conditions>
            </line>
            <line number="54" hits="10" branch="True" condition-coverage="100% (2/2)">
              <conditions>
                <condition number="47" type="jump" coverage="100%" />
              </conditions>
            </line>
            <line number="55" hits="2" branch="False" />
            <line number="56" hits="8" branch="False" />
            <line number="57" hits="8" branch="False" />
            <line number="17" hits="0" branch="False" />
            <line number="19" hits="10" branch="False" />
            <line number="20" hits="10" branch="False" />
            <line number="21" hits="10" branch="False" />
            <line number="22" hits="10" branch="False" />
            <line number="23" hits="7" branch="False" />
            <line number="24" hits="7" branch="False" />
            <line number="25" hits="6" branch="False" />
            <line number="26" hits="6" branch="False" />
            <line number="27" hits="6" branch="False" />
          </lines>
        </class>
      </classes>
    </package>
  </packages>
</coverage>